<?xml version="1.0" encoding="UTF-8"?>
<!-- Generated by org.testng.reporters.JUnitXMLReporter -->
<testsuite hostname="LAPTOP-0BBKQ66I" name="Test" tests="10" failures="2" timestamp="15 Mar 2020 10:23:44 GMT" time="96.936" errors="0">
  <testcase name="all_Tickets" time="61.757" classname="com.DBApiTest.Testcases.Ticketing_Module">
    <failure type="java.lang.AssertionError" message="1 expectation failed.
Expected status code &amp;lt;200&amp;gt; but was &amp;lt;504&amp;gt;.
">
      <![CDATA[java.lang.AssertionError: 1 expectation failed.
Expected status code <200> but was <504>.

	at org.codehaus.groovy.runtime.callsite.ConstructorSite$ConstructorSiteNoUnwrap.callConstructor(ConstructorSite.java:84)
	at org.codehaus.groovy.runtime.callsite.CallSiteArray.defaultCallConstructor(CallSiteArray.java:59)
	at org.codehaus.groovy.runtime.callsite.AbstractCallSite.callConstructor(AbstractCallSite.java:237)
	at org.codehaus.groovy.runtime.callsite.AbstractCallSite.callConstructor(AbstractCallSite.java:249)
	at io.restassured.internal.ResponseSpecificationImpl$HamcrestAssertionClosure.validate(ResponseSpecificationImpl.groovy:493)
	at io.restassured.internal.ResponseSpecificationImpl$HamcrestAssertionClosure$validate$1.call(Unknown Source)
	at io.restassured.internal.ResponseSpecificationImpl.validateResponseIfRequired(ResponseSpecificationImpl.groovy:674)
	at org.codehaus.groovy.runtime.callsite.PlainObjectMetaMethodSite.doInvoke(PlainObjectMetaMethodSite.java:43)
	at org.codehaus.groovy.runtime.callsite.PogoMetaMethodSite$PogoCachedMethodSiteNoUnwrapNoCoerce.invoke(PogoMetaMethodSite.java:190)
	at org.codehaus.groovy.runtime.callsite.PogoMetaMethodSite.callCurrent(PogoMetaMethodSite.java:58)
	at org.codehaus.groovy.runtime.callsite.AbstractCallSite.callCurrent(AbstractCallSite.java:168)
	at io.restassured.internal.ResponseSpecificationImpl.statusCode(ResponseSpecificationImpl.groovy:126)
	at io.restassured.specification.ResponseSpecification$statusCode$0.callCurrent(Unknown Source)
	at io.restassured.internal.ResponseSpecificationImpl.statusCode(ResponseSpecificationImpl.groovy:134)
	at io.restassured.internal.ValidatableResponseOptionsImpl.statusCode(ValidatableResponseOptionsImpl.java:89)
	at io.restassured.internal.ValidatableResponseImpl.super$2$statusCode(ValidatableResponseImpl.groovy)
	at groovy.lang.MetaMethod.doMethodInvoke(MetaMethod.java:323)
	at groovy.lang.MetaClassImpl.invokeMethod(MetaClassImpl.java:1217)
	at org.codehaus.groovy.runtime.ScriptBytecodeAdapter.invokeMethodOnSuperN(ScriptBytecodeAdapter.java:144)
	at io.restassured.internal.ValidatableResponseImpl.statusCode(ValidatableResponseImpl.groovy:142)
	at io.restassured.internal.ValidatableResponseImpl.statusCode(ValidatableResponseImpl.groovy)
	at com.DBApiTest.Testcases.Ticketing_Module.all_Tickets(Ticketing_Module.java:120)
... Removed 40 stack frames]]>
    </failure>
  </testcase> <!-- all_Tickets -->
  <testcase name="categories" time="2.139" classname="com.DBApiTest.Testcases.Ticketing_Module"/>
  <testcase name="concernedteams" time="1.693" classname="com.DBApiTest.Testcases.Ticketing_Module"/>
  <testcase name="createTicket" time="2.271" classname="com.DBApiTest.Testcases.Ticketing_Module">
    <failure type="junit.framework.ComparisonFailure" message="expected:&amp;lt;APPROVED&amp;gt; but was:&amp;lt;null&amp;gt;">
      <![CDATA[junit.framework.ComparisonFailure: expected:<APPROVED> but was:<null>
	at junit.framework.Assert.assertEquals(Assert.java:81)
	at junit.framework.Assert.assertEquals(Assert.java:87)
	at com.DBApiTest.Testcases.Ticketing_Module.createTicket(Ticketing_Module.java:177)
... Removed 25 stack frames]]>
    </failure>
  </testcase> <!-- createTicket -->
  <testcase name="directreportees" time="1.655" classname="com.DBApiTest.Testcases.Ticketing_Module"/>
  <testcase name="image" time="1.658" classname="com.DBApiTest.Testcases.Ticketing_Module"/>
  <testcase name="indirectreportees" time="1.203" classname="com.DBApiTest.Testcases.Ticketing_Module"/>
  <testcase name="officecodes" time="1.702" classname="com.DBApiTest.Testcases.Ticketing_Module"/>
  <testcase name="raisedTicketbyUser" time="1.789" classname="com.DBApiTest.Testcases.Ticketing_Module"/>
  <testcase name="singleticktet" time="1.087" classname="com.DBApiTest.Testcases.Ticketing_Module"/>
</testsuite> <!-- Test -->
