<?xml version="1.0" encoding="UTF-8"?>
<testng-results skipped="0" failed="2" total="10" passed="8">
  <reporter-output>
  </reporter-output>
  <suite name="Suite" duration-ms="96936" started-at="2020-03-15T10:22:07Z" finished-at="2020-03-15T10:23:44Z">
    <groups>
    </groups>
    <test name="Test" duration-ms="96936" started-at="2020-03-15T10:22:07Z" finished-at="2020-03-15T10:23:44Z">
      <class name="com.DBApiTest.Testcases.Ticketing_Module">
        <test-method status="PASS" signature="gettoken()[pri:0, instance:com.DBApiTest.Testcases.Ticketing_Module@14acaea5]" name="gettoken" is-config="true" duration-ms="5467" started-at="2020-03-15T15:52:07Z" finished-at="2020-03-15T15:52:13Z">
          <reporter-output>
          </reporter-output>
        </test-method> <!-- gettoken -->
        <test-method status="FAIL" signature="all_Tickets()[pri:0, instance:com.DBApiTest.Testcases.Ticketing_Module@14acaea5]" name="all_Tickets" duration-ms="61757" started-at="2020-03-15T15:52:13Z" finished-at="2020-03-15T15:53:14Z">
          <exception class="java.lang.AssertionError">
            <message>
              <![CDATA[1 expectation failed.
Expected status code <200> but was <504>.
]]>
            </message>
            <full-stacktrace>
              <![CDATA[java.lang.AssertionError: 1 expectation failed.
Expected status code <200> but was <504>.

	at sun.reflect.NativeConstructorAccessorImpl.newInstance0(Native Method)
	at sun.reflect.NativeConstructorAccessorImpl.newInstance(NativeConstructorAccessorImpl.java:62)
	at sun.reflect.DelegatingConstructorAccessorImpl.newInstance(DelegatingConstructorAccessorImpl.java:45)
	at java.lang.reflect.Constructor.newInstance(Constructor.java:423)
	at org.codehaus.groovy.reflection.CachedConstructor.invoke(CachedConstructor.java:80)
	at org.codehaus.groovy.reflection.CachedConstructor.doConstructorInvoke(CachedConstructor.java:74)
	at org.codehaus.groovy.runtime.callsite.ConstructorSite$ConstructorSiteNoUnwrap.callConstructor(ConstructorSite.java:84)
	at org.codehaus.groovy.runtime.callsite.CallSiteArray.defaultCallConstructor(CallSiteArray.java:59)
	at org.codehaus.groovy.runtime.callsite.AbstractCallSite.callConstructor(AbstractCallSite.java:237)
	at org.codehaus.groovy.runtime.callsite.AbstractCallSite.callConstructor(AbstractCallSite.java:249)
	at io.restassured.internal.ResponseSpecificationImpl$HamcrestAssertionClosure.validate(ResponseSpecificationImpl.groovy:493)
	at io.restassured.internal.ResponseSpecificationImpl$HamcrestAssertionClosure$validate$1.call(Unknown Source)
	at io.restassured.internal.ResponseSpecificationImpl.validateResponseIfRequired(ResponseSpecificationImpl.groovy:674)
	at sun.reflect.NativeMethodAccessorImpl.invoke0(Native Method)
	at sun.reflect.NativeMethodAccessorImpl.invoke(NativeMethodAccessorImpl.java:62)
	at sun.reflect.DelegatingMethodAccessorImpl.invoke(DelegatingMethodAccessorImpl.java:43)
	at java.lang.reflect.Method.invoke(Method.java:498)
	at org.codehaus.groovy.runtime.callsite.PlainObjectMetaMethodSite.doInvoke(PlainObjectMetaMethodSite.java:43)
	at org.codehaus.groovy.runtime.callsite.PogoMetaMethodSite$PogoCachedMethodSiteNoUnwrapNoCoerce.invoke(PogoMetaMethodSite.java:190)
	at org.codehaus.groovy.runtime.callsite.PogoMetaMethodSite.callCurrent(PogoMetaMethodSite.java:58)
	at org.codehaus.groovy.runtime.callsite.AbstractCallSite.callCurrent(AbstractCallSite.java:168)
	at io.restassured.internal.ResponseSpecificationImpl.statusCode(ResponseSpecificationImpl.groovy:126)
	at io.restassured.specification.ResponseSpecification$statusCode$0.callCurrent(Unknown Source)
	at io.restassured.internal.ResponseSpecificationImpl.statusCode(ResponseSpecificationImpl.groovy:134)
	at io.restassured.internal.ValidatableResponseOptionsImpl.statusCode(ValidatableResponseOptionsImpl.java:89)
	at io.restassured.internal.ValidatableResponseImpl.super$2$statusCode(ValidatableResponseImpl.groovy)
	at sun.reflect.NativeMethodAccessorImpl.invoke0(Native Method)
	at sun.reflect.NativeMethodAccessorImpl.invoke(NativeMethodAccessorImpl.java:62)
	at sun.reflect.DelegatingMethodAccessorImpl.invoke(DelegatingMethodAccessorImpl.java:43)
	at java.lang.reflect.Method.invoke(Method.java:498)
	at org.codehaus.groovy.reflection.CachedMethod.invoke(CachedMethod.java:101)
	at groovy.lang.MetaMethod.doMethodInvoke(MetaMethod.java:323)
	at groovy.lang.MetaClassImpl.invokeMethod(MetaClassImpl.java:1217)
	at org.codehaus.groovy.runtime.ScriptBytecodeAdapter.invokeMethodOnSuperN(ScriptBytecodeAdapter.java:144)
	at io.restassured.internal.ValidatableResponseImpl.statusCode(ValidatableResponseImpl.groovy:142)
	at io.restassured.internal.ValidatableResponseImpl.statusCode(ValidatableResponseImpl.groovy)
	at com.DBApiTest.Testcases.Ticketing_Module.all_Tickets(Ticketing_Module.java:120)
	at sun.reflect.NativeMethodAccessorImpl.invoke0(Native Method)
	at sun.reflect.NativeMethodAccessorImpl.invoke(NativeMethodAccessorImpl.java:62)
	at sun.reflect.DelegatingMethodAccessorImpl.invoke(DelegatingMethodAccessorImpl.java:43)
	at java.lang.reflect.Method.invoke(Method.java:498)
	at org.testng.internal.MethodInvocationHelper.invokeMethod(MethodInvocationHelper.java:100)
	at org.testng.internal.Invoker.invokeMethod(Invoker.java:646)
	at org.testng.internal.Invoker.invokeTestMethod(Invoker.java:811)
	at org.testng.internal.Invoker.invokeTestMethods(Invoker.java:1137)
	at org.testng.internal.TestMethodWorker.invokeTestMethods(TestMethodWorker.java:129)
	at org.testng.internal.TestMethodWorker.run(TestMethodWorker.java:112)
	at org.testng.TestRunner.privateRun(TestRunner.java:753)
	at org.testng.TestRunner.run(TestRunner.java:607)
	at org.testng.SuiteRunner.runTest(SuiteRunner.java:368)
	at org.testng.SuiteRunner.runSequentially(SuiteRunner.java:363)
	at org.testng.SuiteRunner.privateRun(SuiteRunner.java:321)
	at org.testng.SuiteRunner.run(SuiteRunner.java:270)
	at org.testng.SuiteRunnerWorker.runSuite(SuiteRunnerWorker.java:52)
	at org.testng.SuiteRunnerWorker.run(SuiteRunnerWorker.java:86)
	at org.testng.TestNG.runSuitesSequentially(TestNG.java:1284)
	at org.testng.TestNG.runSuitesLocally(TestNG.java:1209)
	at org.testng.TestNG.runSuites(TestNG.java:1124)
	at org.testng.TestNG.run(TestNG.java:1096)
	at org.testng.remote.AbstractRemoteTestNG.run(AbstractRemoteTestNG.java:132)
	at org.testng.remote.RemoteTestNG.initAndRun(RemoteTestNG.java:236)
	at org.testng.remote.RemoteTestNG.main(RemoteTestNG.java:81)
]]>
            </full-stacktrace>
          </exception> <!-- java.lang.AssertionError -->
          <reporter-output>
          </reporter-output>
        </test-method> <!-- all_Tickets -->
        <test-method status="PASS" signature="gettoken()[pri:0, instance:com.DBApiTest.Testcases.Ticketing_Module@14acaea5]" name="gettoken" is-config="true" duration-ms="1705" started-at="2020-03-15T15:53:14Z" finished-at="2020-03-15T15:53:16Z">
          <reporter-output>
          </reporter-output>
        </test-method> <!-- gettoken -->
        <test-method status="PASS" signature="categories()[pri:0, instance:com.DBApiTest.Testcases.Ticketing_Module@14acaea5]" name="categories" duration-ms="2139" started-at="2020-03-15T15:53:16Z" finished-at="2020-03-15T15:53:18Z">
          <reporter-output>
          </reporter-output>
        </test-method> <!-- categories -->
        <test-method status="PASS" signature="gettoken()[pri:0, instance:com.DBApiTest.Testcases.Ticketing_Module@14acaea5]" name="gettoken" is-config="true" duration-ms="1661" started-at="2020-03-15T15:53:18Z" finished-at="2020-03-15T15:53:20Z">
          <reporter-output>
          </reporter-output>
        </test-method> <!-- gettoken -->
        <test-method status="PASS" signature="concernedteams()[pri:0, instance:com.DBApiTest.Testcases.Ticketing_Module@14acaea5]" name="concernedteams" duration-ms="1693" started-at="2020-03-15T15:53:20Z" finished-at="2020-03-15T15:53:22Z">
          <reporter-output>
          </reporter-output>
        </test-method> <!-- concernedteams -->
        <test-method status="PASS" signature="gettoken()[pri:0, instance:com.DBApiTest.Testcases.Ticketing_Module@14acaea5]" name="gettoken" is-config="true" duration-ms="1692" started-at="2020-03-15T15:53:22Z" finished-at="2020-03-15T15:53:23Z">
          <reporter-output>
          </reporter-output>
        </test-method> <!-- gettoken -->
        <test-method status="FAIL" signature="createTicket()[pri:0, instance:com.DBApiTest.Testcases.Ticketing_Module@14acaea5]" name="createTicket" duration-ms="2271" started-at="2020-03-15T15:53:23Z" finished-at="2020-03-15T15:53:26Z">
          <exception class="junit.framework.ComparisonFailure">
            <message>
              <![CDATA[expected:<APPROVED> but was:<null>]]>
            </message>
            <full-stacktrace>
              <![CDATA[junit.framework.ComparisonFailure: expected:<APPROVED> but was:<null>
	at junit.framework.Assert.assertEquals(Assert.java:81)
	at junit.framework.Assert.assertEquals(Assert.java:87)
	at com.DBApiTest.Testcases.Ticketing_Module.createTicket(Ticketing_Module.java:177)
	at sun.reflect.NativeMethodAccessorImpl.invoke0(Native Method)
	at sun.reflect.NativeMethodAccessorImpl.invoke(NativeMethodAccessorImpl.java:62)
	at sun.reflect.DelegatingMethodAccessorImpl.invoke(DelegatingMethodAccessorImpl.java:43)
	at java.lang.reflect.Method.invoke(Method.java:498)
	at org.testng.internal.MethodInvocationHelper.invokeMethod(MethodInvocationHelper.java:100)
	at org.testng.internal.Invoker.invokeMethod(Invoker.java:646)
	at org.testng.internal.Invoker.invokeTestMethod(Invoker.java:811)
	at org.testng.internal.Invoker.invokeTestMethods(Invoker.java:1137)
	at org.testng.internal.TestMethodWorker.invokeTestMethods(TestMethodWorker.java:129)
	at org.testng.internal.TestMethodWorker.run(TestMethodWorker.java:112)
	at org.testng.TestRunner.privateRun(TestRunner.java:753)
	at org.testng.TestRunner.run(TestRunner.java:607)
	at org.testng.SuiteRunner.runTest(SuiteRunner.java:368)
	at org.testng.SuiteRunner.runSequentially(SuiteRunner.java:363)
	at org.testng.SuiteRunner.privateRun(SuiteRunner.java:321)
	at org.testng.SuiteRunner.run(SuiteRunner.java:270)
	at org.testng.SuiteRunnerWorker.runSuite(SuiteRunnerWorker.java:52)
	at org.testng.SuiteRunnerWorker.run(SuiteRunnerWorker.java:86)
	at org.testng.TestNG.runSuitesSequentially(TestNG.java:1284)
	at org.testng.TestNG.runSuitesLocally(TestNG.java:1209)
	at org.testng.TestNG.runSuites(TestNG.java:1124)
	at org.testng.TestNG.run(TestNG.java:1096)
	at org.testng.remote.AbstractRemoteTestNG.run(AbstractRemoteTestNG.java:132)
	at org.testng.remote.RemoteTestNG.initAndRun(RemoteTestNG.java:236)
	at org.testng.remote.RemoteTestNG.main(RemoteTestNG.java:81)
]]>
            </full-stacktrace>
          </exception> <!-- junit.framework.ComparisonFailure -->
          <reporter-output>
          </reporter-output>
        </test-method> <!-- createTicket -->
        <test-method status="PASS" signature="gettoken()[pri:0, instance:com.DBApiTest.Testcases.Ticketing_Module@14acaea5]" name="gettoken" is-config="true" duration-ms="1646" started-at="2020-03-15T15:53:26Z" finished-at="2020-03-15T15:53:27Z">
          <reporter-output>
          </reporter-output>
        </test-method> <!-- gettoken -->
        <test-method status="PASS" signature="directreportees()[pri:0, instance:com.DBApiTest.Testcases.Ticketing_Module@14acaea5]" name="directreportees" duration-ms="1655" started-at="2020-03-15T15:53:27Z" finished-at="2020-03-15T15:53:29Z">
          <reporter-output>
          </reporter-output>
        </test-method> <!-- directreportees -->
        <test-method status="PASS" signature="gettoken()[pri:0, instance:com.DBApiTest.Testcases.Ticketing_Module@14acaea5]" name="gettoken" is-config="true" duration-ms="1643" started-at="2020-03-15T15:53:29Z" finished-at="2020-03-15T15:53:31Z">
          <reporter-output>
          </reporter-output>
        </test-method> <!-- gettoken -->
        <test-method status="PASS" signature="image()[pri:0, instance:com.DBApiTest.Testcases.Ticketing_Module@14acaea5]" name="image" duration-ms="1658" started-at="2020-03-15T15:53:31Z" finished-at="2020-03-15T15:53:32Z">
          <reporter-output>
          </reporter-output>
        </test-method> <!-- image -->
        <test-method status="PASS" signature="gettoken()[pri:0, instance:com.DBApiTest.Testcases.Ticketing_Module@14acaea5]" name="gettoken" is-config="true" duration-ms="1688" started-at="2020-03-15T15:53:32Z" finished-at="2020-03-15T15:53:34Z">
          <reporter-output>
          </reporter-output>
        </test-method> <!-- gettoken -->
        <test-method status="PASS" signature="indirectreportees()[pri:0, instance:com.DBApiTest.Testcases.Ticketing_Module@14acaea5]" name="indirectreportees" duration-ms="1203" started-at="2020-03-15T15:53:34Z" finished-at="2020-03-15T15:53:35Z">
          <reporter-output>
          </reporter-output>
        </test-method> <!-- indirectreportees -->
        <test-method status="PASS" signature="gettoken()[pri:0, instance:com.DBApiTest.Testcases.Ticketing_Module@14acaea5]" name="gettoken" is-config="true" duration-ms="1086" started-at="2020-03-15T15:53:35Z" finished-at="2020-03-15T15:53:36Z">
          <reporter-output>
          </reporter-output>
        </test-method> <!-- gettoken -->
        <test-method status="PASS" signature="officecodes()[pri:0, instance:com.DBApiTest.Testcases.Ticketing_Module@14acaea5]" name="officecodes" duration-ms="1702" started-at="2020-03-15T15:53:36Z" finished-at="2020-03-15T15:53:38Z">
          <reporter-output>
          </reporter-output>
        </test-method> <!-- officecodes -->
        <test-method status="PASS" signature="gettoken()[pri:0, instance:com.DBApiTest.Testcases.Ticketing_Module@14acaea5]" name="gettoken" is-config="true" duration-ms="1632" started-at="2020-03-15T15:53:38Z" finished-at="2020-03-15T15:53:39Z">
          <reporter-output>
          </reporter-output>
        </test-method> <!-- gettoken -->
        <test-method status="PASS" signature="raisedTicketbyUser()[pri:0, instance:com.DBApiTest.Testcases.Ticketing_Module@14acaea5]" name="raisedTicketbyUser" duration-ms="1789" started-at="2020-03-15T15:53:39Z" finished-at="2020-03-15T15:53:41Z">
          <reporter-output>
          </reporter-output>
        </test-method> <!-- raisedTicketbyUser -->
        <test-method status="PASS" signature="gettoken()[pri:0, instance:com.DBApiTest.Testcases.Ticketing_Module@14acaea5]" name="gettoken" is-config="true" duration-ms="1689" started-at="2020-03-15T15:53:41Z" finished-at="2020-03-15T15:53:43Z">
          <reporter-output>
          </reporter-output>
        </test-method> <!-- gettoken -->
        <test-method status="PASS" signature="singleticktet()[pri:0, instance:com.DBApiTest.Testcases.Ticketing_Module@14acaea5]" name="singleticktet" duration-ms="1087" started-at="2020-03-15T15:53:43Z" finished-at="2020-03-15T15:53:44Z">
          <reporter-output>
          </reporter-output>
        </test-method> <!-- singleticktet -->
      </class> <!-- com.DBApiTest.Testcases.Ticketing_Module -->
    </test> <!-- Test -->
  </suite> <!-- Suite -->
</testng-results>
